<?xml version="1.0" encoding="UTF-8"?>
<!-- Generated by org.testng.reporters.JUnitXMLReporter -->
<testsuite ignored="8" hostname="LIN80020702" failures="0" tests="5" name="Test" time="132.673" errors="0" timestamp="2024-01-09T12:36:49 IST">
  <testcase classname="test_Cases.ScenarioTest_1" name="Scenario_1" time="1.791"/>
  <testcase classname="test_Cases.ScenarioTest_2" name="Scenario_2" time="9.089"/>
  <testcase classname="test_Cases.ScenarioTest_3" name="Scenario_3" time="4.496"/>
  <testcase classname="test_Cases.ScenarioTest_4" name="Scenario_4" time="23.416"/>
  <testcase classname="test_Cases.ScenarioTest_5" name="Scenario_5" time="93.663"/>
  <testcase classname="test_Cases.driverClass" name="@AfterSuite closeBrowser" time="0.0">
    <ignored/>
  </testcase> <!-- @AfterSuite closeBrowser -->
  <testcase classname="test_Cases.driverClass" name="@AfterSuite closeBrowser" time="0.0">
    <ignored/>
  </testcase> <!-- @AfterSuite closeBrowser -->
  <testcase classname="test_Cases.driverClass" name="@AfterSuite closeBrowser" time="0.0">
    <ignored/>
  </testcase> <!-- @AfterSuite closeBrowser -->
  <testcase classname="test_Cases.driverClass" name="@AfterSuite closeBrowser" time="0.0">
    <ignored/>
  </testcase> <!-- @AfterSuite closeBrowser -->
  <testcase classname="test_Cases.driverClass" name="@BeforeSuite openbrowser" time="0.0">
    <ignored/>
  </testcase> <!-- @BeforeSuite openbrowser -->
  <testcase classname="test_Cases.driverClass" name="@BeforeSuite openbrowser" time="0.0">
    <ignored/>
  </testcase> <!-- @BeforeSuite openbrowser -->
  <testcase classname="test_Cases.driverClass" name="@BeforeSuite openbrowser" time="0.0">
    <ignored/>
  </testcase> <!-- @BeforeSuite openbrowser -->
  <testcase classname="test_Cases.driverClass" name="@BeforeSuite openbrowser" time="0.0">
    <ignored/>
  </testcase> <!-- @BeforeSuite openbrowser -->
</testsuite> <!-- Test -->
